<?xml version="1.0" encoding="UTF-8"?>
<testsuite xmlns:xsi="http://www.w3.org/2001/XMLSchema-instance" xsi:noNamespaceSchemaLocation="https://maven.apache.org/surefire/maven-surefire-plugin/xsd/surefire-test-report.xsd" name="TestSuite" time="530.934" tests="11" errors="0" skipped="0" failures="3">
  <properties>
[...]
</properties>
  <testcase name="verifyUserAbleToNavigateToComputersPage" classname="com.demo.nopcommerce.testsuite.ComputerTest" time="2.416"/>
  <testcase name="verifyUserIsAbleToNavigateToDesktopPageViaComputersPage" classname="com.demo.nopcommerce.testsuite.ComputerTest" time="55.336"/>
  <testcase name="verifyUserFailedTestToNavigateToDesktopPage" classname="com.demo.nopcommerce.testsuite.ComputerTest" time="54.368">
    <failure message="The following asserts failed:&#10;	expected [Desk] but found [Desktops]" type="java.lang.AssertionError">java.lang.AssertionError: 
The following asserts failed:
	expected [Desk] but found [Desktops]
	at com.demo.nopcommerce.testsuite.ComputerTest.verifyUserFailedTestToNavigateToDesktopPage(ComputerTest.java:61)
</failure>
    <system-out><![CDATA[2020-04-22 12:04:165 INFO  BrowserSelector :30 - Launching Chrome Browser
2020-04-22 12:04:64 INFO  HomePage :58 - Clicking on Computer Link : [[ChromeDriver: chrome on WINDOWS (c962a8c4ce88e87fe2116664143f8633)] -> xpath: //ul[@class='top-menu notmobile']//a[contains(text(),'Computers')]]
2020-04-22 12:04:937 INFO  ComputersPage :48 - Clicking on Desktop Link : Proxy element for: DefaultElementLocator 'By.xpath: //h2[@class='title']//a[contains(text(),'Desktops')]'
2020-04-22 12:04:983 INFO  DesktopPage :34 - Getting Desktop Text : [[ChromeDriver: chrome on WINDOWS (c962a8c4ce88e87fe2116664143f8633)] -> xpath: /html/body/div[6]/div[3]/div[2]/div[2]/div/div[1]/h1]
]]></system-out>
    <system-err><![CDATA[Starting ChromeDriver 80.0.3987.106 (f68069574609230cf9b635cd784cfb1bf81bb53a-refs/branch-heads/3987@{#882}) on port 10370
Only local connections are allowed.
Please protect ports used by ChromeDriver and related test frameworks to prevent access by malicious code.
[1587554187.325][WARNING]: Timed out connecting to Chrome, retrying...
Apr 22, 2020 12:16:29 PM org.openqa.selenium.remote.ProtocolHandshake createSession
INFO: Detected dialect: W3C
[1587554191.369][WARNING]: Timed out connecting to Chrome, retrying...
[1587554194.861][SEVERE]: Timed out receiving message from renderer: 0.100
[1587554194.970][SEVERE]: Timed out receiving message from renderer: 0.100
[1587554195.102][SEVERE]: Timed out receiving message from renderer: 0.100
[1587554195.654][SEVERE]: Timed out receiving message from renderer: 0.100
[1587554195.759][SEVERE]: Timed out receiving message from renderer: 0.100
[1587554195.923][SEVERE]: Timed out receiving message from renderer: 0.100
[1587554196.027][SEVERE]: Timed out receiving message from renderer: 0.100
[1587554196.136][SEVERE]: Timed out receiving message from renderer: 0.100
[1587554196.264][SEVERE]: Timed out receiving message from renderer: 0.100
[1587554196.367][SEVERE]: Timed out receiving message from renderer: 0.100
[1587554196.470][SEVERE]: Timed out receiving message from renderer: 0.100
[1587554196.575][SEVERE]: Timed out receiving message from renderer: 0.100
[1587554196.683][SEVERE]: Timed out receiving message from renderer: 0.100
[1587554196.791][SEVERE]: Timed out receiving message from renderer: 0.100
[1587554197.245][SEVERE]: Timed out receiving message from renderer: 0.100
[1587554197.429][SEVERE]: Timed out receiving message from renderer: 0.100
[1587554197.540][SEVERE]: Timed out receiving message from renderer: 0.100
[1587554198.662][SEVERE]: Timed out receiving message from renderer: 0.100
[1587554198.865][SEVERE]: Timed out receiving message from renderer: 0.100
[1587554201.448][SEVERE]: Timed out receiving message from renderer: 0.100
[1587554201.683][SEVERE]: Timed out receiving message from renderer: 0.100
[1587554201.816][SEVERE]: Timed out receiving message from renderer: 0.100
]]></system-err>
  </testcase>
  <testcase name="verifyUserIsAbleToNavigatetoLoginPage" classname="com.demo.nopcommerce.testsuite.LoginTest" time="1.678"/>
  <testcase name="verifyUserIsAbleToLoginSuccessfully" classname="com.demo.nopcommerce.testsuite.LoginTest" time="54.738"/>
  <testcase name="verifyUserFailedLoginWithWrongDetails" classname="com.demo.nopcommerce.testsuite.LoginTest" time="4.011">
    <failure message="expected [Wrong email] but found [About login / registration]" type="java.lang.AssertionError">java.lang.AssertionError: expected [Wrong email] but found [About login / registration]
	at com.demo.nopcommerce.testsuite.LoginTest.verifyUserFailedLoginWithWrongDetails(LoginTest.java:78)
</failure>
    <system-out><![CDATA[2020-04-22 12:04:827 INFO  BrowserSelector :30 - Launching Chrome Browser
2020-04-22 12:04:441 INFO  HomePage :46 - Clicking on Login Link : [[ChromeDriver: chrome on WINDOWS (e6bfae2452611ef93f1aa53c9ee30518)] -> link text: Log in]
2020-04-22 12:04:981 INFO  LoginPage :47 - Entering Email Id : Roger123@gmail.com On Email Field [[ChromeDriver: chrome on WINDOWS (e6bfae2452611ef93f1aa53c9ee30518)] -> id: Email]
2020-04-22 12:04:371 INFO  LoginPage :53 - Entering Password : Roger197777 On Password Field [[ChromeDriver: chrome on WINDOWS (e6bfae2452611ef93f1aa53c9ee30518)] -> xpath: //input[@name='Password']]
2020-04-22 12:04:892 INFO  LoginPage :65 -  Clicking on Login Button : [[ChromeDriver: chrome on WINDOWS (e6bfae2452611ef93f1aa53c9ee30518)] -> xpath: //input[@class='button-1 login-button']]
2020-04-22 12:04:937 INFO  WelcomeStorePage :30 - Getting Welcome Store Text[[ChromeDriver: chrome on WINDOWS (e6bfae2452611ef93f1aa53c9ee30518)] -> xpath: //div[@class='topic-block-title']//h2]
]]></system-out>
    <system-err><![CDATA[Starting ChromeDriver 80.0.3987.106 (f68069574609230cf9b635cd784cfb1bf81bb53a-refs/branch-heads/3987@{#882}) on port 37651
Only local connections are allowed.
Please protect ports used by ChromeDriver and related test frameworks to prevent access by malicious code.
[1587554342.362][WARNING]: Timed out connecting to Chrome, retrying...
Apr 22, 2020 12:19:04 PM org.openqa.selenium.remote.ProtocolHandshake createSession
INFO: Detected dialect: W3C
[1587554346.402][WARNING]: Timed out connecting to Chrome, retrying...
[1587554350.754][SEVERE]: Timed out receiving message from renderer: 0.100
[1587554351.321][SEVERE]: Timed out receiving message from renderer: 0.100
[1587554351.626][SEVERE]: Timed out receiving message from renderer: 0.100
[1587554351.728][SEVERE]: Timed out receiving message from renderer: 0.100
[1587554351.830][SEVERE]: Timed out receiving message from renderer: 0.100
[1587554351.931][SEVERE]: Timed out receiving message from renderer: 0.100
[1587554352.034][SEVERE]: Timed out receiving message from renderer: 0.100
[1587554352.136][SEVERE]: Timed out receiving message from renderer: 0.100
[1587554352.237][SEVERE]: Timed out receiving message from renderer: 0.100
[1587554352.339][SEVERE]: Timed out receiving message from renderer: 0.100
[1587554352.441][SEVERE]: Timed out receiving message from renderer: 0.100
[1587554352.543][SEVERE]: Timed out receiving message from renderer: 0.100
[1587554352.690][SEVERE]: Timed out receiving message from renderer: 0.100
[1587554352.806][SEVERE]: Timed out receiving message from renderer: 0.100
[1587554352.908][SEVERE]: Timed out receiving message from renderer: 0.100
[1587554354.287][SEVERE]: Timed out receiving message from renderer: 0.100
]]></system-err>
  </testcase>
  <testcase name="verifyUserIsNotAbleToLoginWithInvalidCredentials" classname="com.demo.nopcommerce.testsuite.LoginTest" time="0.007"/>
  <testcase name="verifyThatUserIsAbleToNavigateToRegisterPage" classname="com.demo.nopcommerce.testsuite.RegistrationTest" time="0.004"/>
  <testcase name="verifyThatNewUserIsAbleToRegisterSuccessfully" classname="com.demo.nopcommerce.testsuite.RegistrationTest" time="58.165"/>
  <testcase name="verifyThatNewUserFailedTestToRegister" classname="com.demo.nopcommerce.testsuite.RegistrationTest" time="59.681">
    <failure message="expected [Your registration] but found [Your registration completed]" type="java.lang.AssertionError">java.lang.AssertionError: expected [Your registration] but found [Your registration completed]
	at com.demo.nopcommerce.testsuite.RegistrationTest.verifyThatNewUserFailedTestToRegister(RegistrationTest.java:103)
</failure>
    <system-out><![CDATA[2020-04-22 12:04:783 INFO  BrowserSelector :30 - Launching Chrome Browser
2020-04-22 12:04:966 INFO  HomePage :40 - Clicking on Register Link : [[ChromeDriver: chrome on WINDOWS (054fb0066d5eb766d9070b798ea537cd)] -> link text: Register]
2020-04-22 12:04:197 INFO  RegisterPage :80 - Clicking on Male Gender Radio Button : [[ChromeDriver: chrome on WINDOWS (054fb0066d5eb766d9070b798ea537cd)] -> id: gender-male]
2020-04-22 12:04:645 INFO  RegisterPage :90 - Entering First Name : Roger On First Name Field : [[ChromeDriver: chrome on WINDOWS (054fb0066d5eb766d9070b798ea537cd)] -> xpath: //input[@name='FirstName']]
2020-04-22 12:04:925 INFO  RegisterPage :96 - Entering Last Name : Moore On Last Name Field : [[ChromeDriver: chrome on WINDOWS (054fb0066d5eb766d9070b798ea537cd)] -> xpath: //input[@name='LastName']]
2020-04-22 12:04:422 INFO  RegisterPage :102 - Selecting Day of Birth : 1 On Day of Birth Field : [[ChromeDriver: chrome on WINDOWS (054fb0066d5eb766d9070b798ea537cd)] -> xpath: //select[@name='DateOfBirthDay']]
2020-04-22 12:04:700 INFO  RegisterPage :108 - Selecting Month of Birth : January On Month of Birth Field : [[ChromeDriver: chrome on WINDOWS (054fb0066d5eb766d9070b798ea537cd)] -> xpath: //select[@name='DateOfBirthMonth']]
2020-04-22 12:04:963 INFO  RegisterPage :114 - Selecting Year of Birth : 1980 On Year of Birth Field : [[ChromeDriver: chrome on WINDOWS (054fb0066d5eb766d9070b798ea537cd)] -> xpath: //select[@name='DateOfBirthYear']]
2020-04-22 12:04:40 INFO  RegisterPage :120 - Entering Email ID : Roger0d3J@gmail.com On Email Field : [[ChromeDriver: chrome on WINDOWS (054fb0066d5eb766d9070b798ea537cd)] -> xpath: //input[@name='Email']]
2020-04-22 12:04:548 INFO  RegisterPage :127 - Entering Company Name : Roger Moore International On Company Name Field : [[ChromeDriver: chrome on WINDOWS (054fb0066d5eb766d9070b798ea537cd)] -> xpath: //input[@name='Company']]
2020-04-22 12:04:818 INFO  RegisterPage :133 - Entering Password : RogerSSb On Password Field : [[ChromeDriver: chrome on WINDOWS (054fb0066d5eb766d9070b798ea537cd)] -> xpath: //input[@name='Password']]
2020-04-22 12:04:411 INFO  RegisterPage :139 - Confirming Password : RogerSSb On Confirm Password Field : [[ChromeDriver: chrome on WINDOWS (054fb0066d5eb766d9070b798ea537cd)] -> xpath: //input[@name='ConfirmPassword']]
2020-04-22 12:04:359 INFO  RegisterPage :152 - Clicking on Register Button  : Proxy element for: DefaultElementLocator 'By.xpath: //input[@name='register-button']'
2020-04-22 12:04:456 INFO  RegistrationCompletePage :37 - Getting Registration Confirmation Text[[ChromeDriver: chrome on WINDOWS (054fb0066d5eb766d9070b798ea537cd)] -> xpath: //div[@class='result']]
]]></system-out>
    <system-err><![CDATA[Starting ChromeDriver 80.0.3987.106 (f68069574609230cf9b635cd784cfb1bf81bb53a-refs/branch-heads/3987@{#882}) on port 11775
Only local connections are allowed.
Please protect ports used by ChromeDriver and related test frameworks to prevent access by malicious code.
[1587554525.315][WARNING]: Timed out connecting to Chrome, retrying...
Apr 22, 2020 12:22:07 PM org.openqa.selenium.remote.ProtocolHandshake createSession
INFO: Detected dialect: W3C
[1587554529.378][WARNING]: Timed out connecting to Chrome, retrying...
[1587554533.483][SEVERE]: Timed out receiving message from renderer: 0.100
[1587554533.884][SEVERE]: Timed out receiving message from renderer: 0.100
[1587554534.082][SEVERE]: Timed out receiving message from renderer: 0.100
[1587554534.189][SEVERE]: Timed out receiving message from renderer: 0.100
[1587554534.301][SEVERE]: Timed out receiving message from renderer: 0.100
[1587554534.645][SEVERE]: Timed out receiving message from renderer: 0.100
[1587554534.769][SEVERE]: Timed out receiving message from renderer: 0.100
[1587554536.435][SEVERE]: Timed out receiving message from renderer: 0.100
[1587554536.862][SEVERE]: Timed out receiving message from renderer: 0.100
]]></system-err>
  </testcase>
  <testcase name="verifyUserisNotBeAbleToRegisterWithInvalidCredentials" classname="com.demo.nopcommerce.testsuite.RegistrationTest" time="6.289"/>
</testsuite>